1761177778.107605 client started (17222): version 3.5a, socket /tmp/tmux-1000/default, protocol 8
1761177778.107639 on Linux 6.12.48+deb13-amd64 #1 SMP PREEMPT_DYNAMIC Debian 6.12.48-1 (2025-09-20)
1761177778.107641 using libevent 2.1.12-stable poll
1761177778.107643 using ncurses 6.5 20250125
1761177778.107650 flags are 0x10010000
1761177778.107656 socket is /tmp/tmux-1000/default
1761177778.107665 trying connect
1761177778.107682 add peer 0x7fb389c98d00: 6 ((nil))
1761177778.107855 sending message 111 to peer 0x7fb389c98d00 (8 bytes)
1761177778.107860 sending message 111 to peer 0x7fb389c98d00 (8 bytes)
1761177778.107863 sending message 101 to peer 0x7fb389c98d00 (14 bytes)
1761177778.107864 sending message 109 to peer 0x7fb389c98d00 (4 bytes)
1761177778.107866 sending message 102 to peer 0x7fb389c98d00 (11 bytes)
1761177778.107867 sending message 108 to peer 0x7fb389c98d00 (27 bytes)
1761177778.107869 sending message 112 to peer 0x7fb389c98d00 (70 bytes)
1761177778.107870 sending message 112 to peer 0x7fb389c98d00 (5 bytes)
1761177778.107872 sending message 112 to peer 0x7fb389c98d00 (5 bytes)
1761177778.107873 sending message 112 to peer 0x7fb389c98d00 (6 bytes)
1761177778.107875 sending message 112 to peer 0x7fb389c98d00 (6 bytes)
1761177778.107876 sending message 112 to peer 0x7fb389c98d00 (11 bytes)
1761177778.107877 sending message 112 to peer 0x7fb389c98d00 (10 bytes)
1761177778.107879 sending message 112 to peer 0x7fb389c98d00 (13 bytes)
1761177778.107880 sending message 112 to peer 0x7fb389c98d00 (13 bytes)
1761177778.107882 sending message 112 to peer 0x7fb389c98d00 (18 bytes)
1761177778.107883 sending message 112 to peer 0x7fb389c98d00 (11 bytes)
1761177778.107884 sending message 112 to peer 0x7fb389c98d00 (10 bytes)
1761177778.107886 sending message 112 to peer 0x7fb389c98d00 (15 bytes)
1761177778.107887 sending message 112 to peer 0x7fb389c98d00 (21 bytes)
1761177778.107889 sending message 112 to peer 0x7fb389c98d00 (13 bytes)
1761177778.107890 sending message 112 to peer 0x7fb389c98d00 (7 bytes)
1761177778.107892 sending message 112 to peer 0x7fb389c98d00 (13 bytes)
1761177778.107893 sending message 112 to peer 0x7fb389c98d00 (7 bytes)
1761177778.107894 sending message 112 to peer 0x7fb389c98d00 (13 bytes)
1761177778.107896 sending message 112 to peer 0x7fb389c98d00 (9 bytes)
1761177778.107897 sending message 112 to peer 0x7fb389c98d00 (21 bytes)
1761177778.107899 sending message 112 to peer 0x7fb389c98d00 (13 bytes)
1761177778.107900 sending message 112 to peer 0x7fb389c98d00 (8 bytes)
1761177778.107902 sending message 112 to peer 0x7fb389c98d00 (12 bytes)
1761177778.107903 sending message 112 to peer 0x7fb389c98d00 (13 bytes)
1761177778.107904 sending message 112 to peer 0x7fb389c98d00 (9 bytes)
1761177778.107906 sending message 112 to peer 0x7fb389c98d00 (9 bytes)
1761177778.107907 sending message 112 to peer 0x7fb389c98d00 (12 bytes)
1761177778.107909 sending message 112 to peer 0x7fb389c98d00 (8 bytes)
1761177778.107910 sending message 112 to peer 0x7fb389c98d00 (8 bytes)
1761177778.107911 sending message 112 to peer 0x7fb389c98d00 (7 bytes)
1761177778.107913 sending message 112 to peer 0x7fb389c98d00 (7 bytes)
1761177778.107914 sending message 112 to peer 0x7fb389c98d00 (9 bytes)
1761177778.107916 sending message 112 to peer 0x7fb389c98d00 (13 bytes)
1761177778.107917 sending message 112 to peer 0x7fb389c98d00 (6 bytes)
1761177778.107918 sending message 112 to peer 0x7fb389c98d00 (9 bytes)
1761177778.107920 sending message 112 to peer 0x7fb389c98d00 (15 bytes)
1761177778.107921 sending message 112 to peer 0x7fb389c98d00 (13 bytes)
1761177778.107923 sending message 112 to peer 0x7fb389c98d00 (12 bytes)
1761177778.107924 sending message 112 to peer 0x7fb389c98d00 (8 bytes)
1761177778.107925 sending message 112 to peer 0x7fb389c98d00 (14 bytes)
1761177778.107927 sending message 112 to peer 0x7fb389c98d00 (11 bytes)
1761177778.107928 sending message 112 to peer 0x7fb389c98d00 (9 bytes)
1761177778.107930 sending message 112 to peer 0x7fb389c98d00 (10 bytes)
1761177778.107931 sending message 112 to peer 0x7fb389c98d00 (10 bytes)
1761177778.107938 sending message 112 to peer 0x7fb389c98d00 (10 bytes)
1761177778.107940 sending message 112 to peer 0x7fb389c98d00 (10 bytes)
1761177778.107941 sending message 112 to peer 0x7fb389c98d00 (11 bytes)
1761177778.107943 sending message 112 to peer 0x7fb389c98d00 (12 bytes)
1761177778.107944 sending message 112 to peer 0x7fb389c98d00 (12 bytes)
1761177778.107945 sending message 112 to peer 0x7fb389c98d00 (12 bytes)
1761177778.107947 sending message 112 to peer 0x7fb389c98d00 (12 bytes)
1761177778.107948 sending message 112 to peer 0x7fb389c98d00 (12 bytes)
1761177778.107950 sending message 112 to peer 0x7fb389c98d00 (11 bytes)
1761177778.107951 sending message 112 to peer 0x7fb389c98d00 (11 bytes)
1761177778.107952 sending message 112 to peer 0x7fb389c98d00 (12 bytes)
1761177778.107954 sending message 112 to peer 0x7fb389c98d00 (12 bytes)
1761177778.107955 sending message 112 to peer 0x7fb389c98d00 (12 bytes)
1761177778.107957 sending message 112 to peer 0x7fb389c98d00 (12 bytes)
1761177778.107958 sending message 112 to peer 0x7fb389c98d00 (12 bytes)
1761177778.107959 sending message 112 to peer 0x7fb389c98d00 (10 bytes)
1761177778.107961 sending message 112 to peer 0x7fb389c98d00 (12 bytes)
1761177778.107962 sending message 112 to peer 0x7fb389c98d00 (13 bytes)
1761177778.107964 sending message 112 to peer 0x7fb389c98d00 (13 bytes)
1761177778.107965 sending message 112 to peer 0x7fb389c98d00 (13 bytes)
1761177778.107967 sending message 112 to peer 0x7fb389c98d00 (13 bytes)
1761177778.107968 sending message 112 to peer 0x7fb389c98d00 (13 bytes)
1761177778.107969 sending message 112 to peer 0x7fb389c98d00 (8 bytes)
1761177778.107971 sending message 112 to peer 0x7fb389c98d00 (11 bytes)
1761177778.107972 sending message 112 to peer 0x7fb389c98d00 (11 bytes)
1761177778.107974 sending message 112 to peer 0x7fb389c98d00 (11 bytes)
1761177778.107975 sending message 112 to peer 0x7fb389c98d00 (12 bytes)
1761177778.107977 sending message 112 to peer 0x7fb389c98d00 (12 bytes)
1761177778.107978 sending message 112 to peer 0x7fb389c98d00 (12 bytes)
1761177778.107979 sending message 112 to peer 0x7fb389c98d00 (12 bytes)
1761177778.107981 sending message 112 to peer 0x7fb389c98d00 (13 bytes)
1761177778.107982 sending message 112 to peer 0x7fb389c98d00 (13 bytes)
1761177778.107984 sending message 112 to peer 0x7fb389c98d00 (13 bytes)
1761177778.107985 sending message 112 to peer 0x7fb389c98d00 (8 bytes)
1761177778.107986 sending message 112 to peer 0x7fb389c98d00 (13 bytes)
1761177778.107988 sending message 112 to peer 0x7fb389c98d00 (13 bytes)
1761177778.107989 sending message 112 to peer 0x7fb389c98d00 (13 bytes)
1761177778.107991 sending message 112 to peer 0x7fb389c98d00 (13 bytes)
1761177778.107992 sending message 112 to peer 0x7fb389c98d00 (13 bytes)
1761177778.107994 sending message 112 to peer 0x7fb389c98d00 (12 bytes)
1761177778.107995 sending message 112 to peer 0x7fb389c98d00 (12 bytes)
1761177778.107997 sending message 112 to peer 0x7fb389c98d00 (12 bytes)
1761177778.107998 sending message 112 to peer 0x7fb389c98d00 (12 bytes)
1761177778.108000 sending message 112 to peer 0x7fb389c98d00 (13 bytes)
1761177778.108001 sending message 112 to peer 0x7fb389c98d00 (8 bytes)
1761177778.108002 sending message 112 to peer 0x7fb389c98d00 (13 bytes)
1761177778.108004 sending message 112 to peer 0x7fb389c98d00 (13 bytes)
1761177778.108005 sending message 112 to peer 0x7fb389c98d00 (13 bytes)
1761177778.108007 sending message 112 to peer 0x7fb389c98d00 (13 bytes)
1761177778.108008 sending message 112 to peer 0x7fb389c98d00 (13 bytes)
1761177778.108009 sending message 112 to peer 0x7fb389c98d00 (13 bytes)
1761177778.108011 sending message 112 to peer 0x7fb389c98d00 (13 bytes)
1761177778.108012 sending message 112 to peer 0x7fb389c98d00 (12 bytes)
1761177778.108014 sending message 112 to peer 0x7fb389c98d00 (12 bytes)
1761177778.108015 sending message 112 to peer 0x7fb389c98d00 (12 bytes)
1761177778.108017 sending message 112 to peer 0x7fb389c98d00 (8 bytes)
1761177778.108018 sending message 112 to peer 0x7fb389c98d00 (12 bytes)
1761177778.108025 sending message 112 to peer 0x7fb389c98d00 (13 bytes)
1761177778.108026 sending message 112 to peer 0x7fb389c98d00 (13 bytes)
1761177778.108028 sending message 112 to peer 0x7fb389c98d00 (13 bytes)
1761177778.108029 sending message 112 to peer 0x7fb389c98d00 (13 bytes)
1761177778.108031 sending message 112 to peer 0x7fb389c98d00 (13 bytes)
1761177778.108032 sending message 112 to peer 0x7fb389c98d00 (13 bytes)
1761177778.108034 sending message 112 to peer 0x7fb389c98d00 (13 bytes)
1761177778.108035 sending message 112 to peer 0x7fb389c98d00 (13 bytes)
1761177778.108036 sending message 112 to peer 0x7fb389c98d00 (12 bytes)
1761177778.108038 sending message 112 to peer 0x7fb389c98d00 (10 bytes)
1761177778.108039 sending message 112 to peer 0x7fb389c98d00 (12 bytes)
1761177778.108041 sending message 112 to peer 0x7fb389c98d00 (12 bytes)
1761177778.108042 sending message 112 to peer 0x7fb389c98d00 (12 bytes)
1761177778.108044 sending message 112 to peer 0x7fb389c98d00 (13 bytes)
1761177778.108046 sending message 112 to peer 0x7fb389c98d00 (13 bytes)
1761177778.108047 sending message 112 to peer 0x7fb389c98d00 (13 bytes)
1761177778.108048 sending message 112 to peer 0x7fb389c98d00 (13 bytes)
1761177778.108050 sending message 112 to peer 0x7fb389c98d00 (13 bytes)
1761177778.108051 sending message 112 to peer 0x7fb389c98d00 (13 bytes)
1761177778.108053 sending message 112 to peer 0x7fb389c98d00 (13 bytes)
1761177778.108054 sending message 112 to peer 0x7fb389c98d00 (10 bytes)
1761177778.108055 sending message 112 to peer 0x7fb389c98d00 (13 bytes)
1761177778.108057 sending message 112 to peer 0x7fb389c98d00 (12 bytes)
1761177778.108058 sending message 112 to peer 0x7fb389c98d00 (12 bytes)
1761177778.108060 sending message 112 to peer 0x7fb389c98d00 (12 bytes)
1761177778.108061 sending message 112 to peer 0x7fb389c98d00 (10 bytes)
1761177778.108063 sending message 112 to peer 0x7fb389c98d00 (10 bytes)
1761177778.108064 sending message 112 to peer 0x7fb389c98d00 (10 bytes)
1761177778.108065 sending message 112 to peer 0x7fb389c98d00 (12 bytes)
1761177778.108067 sending message 112 to peer 0x7fb389c98d00 (13 bytes)
1761177778.108068 sending message 112 to peer 0x7fb389c98d00 (13 bytes)
1761177778.108070 sending message 112 to peer 0x7fb389c98d00 (13 bytes)
1761177778.108071 sending message 112 to peer 0x7fb389c98d00 (13 bytes)
1761177778.108072 sending message 112 to peer 0x7fb389c98d00 (13 bytes)
1761177778.108074 sending message 112 to peer 0x7fb389c98d00 (11 bytes)
1761177778.108075 sending message 112 to peer 0x7fb389c98d00 (11 bytes)
1761177778.108077 sending message 112 to peer 0x7fb389c98d00 (12 bytes)
1761177778.108078 sending message 112 to peer 0x7fb389c98d00 (12 bytes)
1761177778.108080 sending message 112 to peer 0x7fb389c98d00 (12 bytes)
1761177778.108081 sending message 112 to peer 0x7fb389c98d00 (12 bytes)
1761177778.108082 sending message 112 to peer 0x7fb389c98d00 (12 bytes)
1761177778.108084 sending message 112 to peer 0x7fb389c98d00 (11 bytes)
1761177778.108085 sending message 112 to peer 0x7fb389c98d00 (12 bytes)
1761177778.108087 sending message 112 to peer 0x7fb389c98d00 (12 bytes)
1761177778.108088 sending message 112 to peer 0x7fb389c98d00 (13 bytes)
1761177778.108089 sending message 112 to peer 0x7fb389c98d00 (13 bytes)
1761177778.108091 sending message 112 to peer 0x7fb389c98d00 (13 bytes)
1761177778.108092 sending message 112 to peer 0x7fb389c98d00 (13 bytes)
1761177778.108094 sending message 112 to peer 0x7fb389c98d00 (13 bytes)
1761177778.108095 sending message 112 to peer 0x7fb389c98d00 (10 bytes)
1761177778.108097 sending message 112 to peer 0x7fb389c98d00 (9 bytes)
1761177778.108098 sending message 112 to peer 0x7fb389c98d00 (12 bytes)
1761177778.108099 sending message 112 to peer 0x7fb389c98d00 (13 bytes)
1761177778.108101 sending message 112 to peer 0x7fb389c98d00 (13 bytes)
1761177778.108102 sending message 112 to peer 0x7fb389c98d00 (13 bytes)
1761177778.108104 sending message 112 to peer 0x7fb389c98d00 (13 bytes)
1761177778.108105 sending message 112 to peer 0x7fb389c98d00 (13 bytes)
1761177778.108108 sending message 112 to peer 0x7fb389c98d00 (9 bytes)
1761177778.108110 sending message 112 to peer 0x7fb389c98d00 (12 bytes)
1761177778.108111 sending message 112 to peer 0x7fb389c98d00 (13 bytes)
1761177778.108113 sending message 112 to peer 0x7fb389c98d00 (13 bytes)
1761177778.108114 sending message 112 to peer 0x7fb389c98d00 (13 bytes)
1761177778.108116 sending message 112 to peer 0x7fb389c98d00 (13 bytes)
1761177778.108117 sending message 112 to peer 0x7fb389c98d00 (13 bytes)
1761177778.108118 sending message 112 to peer 0x7fb389c98d00 (11 bytes)
1761177778.108120 sending message 112 to peer 0x7fb389c98d00 (12 bytes)
1761177778.108121 sending message 112 to peer 0x7fb389c98d00 (13 bytes)
1761177778.108123 sending message 112 to peer 0x7fb389c98d00 (13 bytes)
1761177778.108124 sending message 112 to peer 0x7fb389c98d00 (13 bytes)
1761177778.108126 sending message 112 to peer 0x7fb389c98d00 (13 bytes)
1761177778.108127 sending message 112 to peer 0x7fb389c98d00 (13 bytes)
1761177778.108128 sending message 112 to peer 0x7fb389c98d00 (11 bytes)
1761177778.108130 sending message 112 to peer 0x7fb389c98d00 (12 bytes)
1761177778.108131 sending message 112 to peer 0x7fb389c98d00 (12 bytes)
1761177778.108133 sending message 112 to peer 0x7fb389c98d00 (12 bytes)
1761177778.108134 sending message 112 to peer 0x7fb389c98d00 (12 bytes)
1761177778.108136 sending message 112 to peer 0x7fb389c98d00 (12 bytes)
1761177778.108137 sending message 112 to peer 0x7fb389c98d00 (21 bytes)
1761177778.108139 sending message 112 to peer 0x7fb389c98d00 (12 bytes)
1761177778.108141 sending message 112 to peer 0x7fb389c98d00 (9 bytes)
1761177778.108142 sending message 112 to peer 0x7fb389c98d00 (6 bytes)
1761177778.108144 sending message 112 to peer 0x7fb389c98d00 (13 bytes)
1761177778.108145 sending message 112 to peer 0x7fb389c98d00 (8 bytes)
1761177778.108147 sending message 112 to peer 0x7fb389c98d00 (15 bytes)
1761177778.108148 sending message 112 to peer 0x7fb389c98d00 (13 bytes)
1761177778.108149 sending message 112 to peer 0x7fb389c98d00 (9 bytes)
1761177778.108151 sending message 112 to peer 0x7fb389c98d00 (70 bytes)
1761177778.108152 sending message 112 to peer 0x7fb389c98d00 (69 bytes)
1761177778.108154 sending message 112 to peer 0x7fb389c98d00 (10 bytes)
1761177778.108155 sending message 112 to peer 0x7fb389c98d00 (10 bytes)
1761177778.108157 sending message 112 to peer 0x7fb389c98d00 (8 bytes)
1761177778.108158 sending message 112 to peer 0x7fb389c98d00 (15 bytes)
1761177778.108160 sending message 112 to peer 0x7fb389c98d00 (13 bytes)
1761177778.108161 sending message 112 to peer 0x7fb389c98d00 (10 bytes)
1761177778.108162 sending message 112 to peer 0x7fb389c98d00 (10 bytes)
1761177778.108164 sending message 112 to peer 0x7fb389c98d00 (17 bytes)
1761177778.108165 sending message 112 to peer 0x7fb389c98d00 (10 bytes)
1761177778.108167 sending message 112 to peer 0x7fb389c98d00 (13 bytes)
1761177778.108168 sending message 112 to peer 0x7fb389c98d00 (9 bytes)
1761177778.108169 sending message 112 to peer 0x7fb389c98d00 (5 bytes)
1761177778.108171 sending message 112 to peer 0x7fb389c98d00 (15 bytes)
1761177778.108173 sending message 104 to peer 0x7fb389c98d00 (0 bytes)
1761177778.108174 sending message 110 to peer 0x7fb389c98d00 (0 bytes)
1761177778.108176 sending message 107 to peer 0x7fb389c98d00 (4 bytes)
1761177778.108177 sending message 105 to peer 0x7fb389c98d00 (16 bytes)
1761177778.108179 sending message 105 to peer 0x7fb389c98d00 (74 bytes)
1761177778.108180 sending message 105 to peer 0x7fb389c98d00 (19 bytes)
1761177778.108182 sending message 105 to peer 0x7fb389c98d00 (20 bytes)
1761177778.108183 sending message 105 to peer 0x7fb389c98d00 (58 bytes)
1761177778.108185 sending message 105 to peer 0x7fb389c98d00 (23 bytes)
1761177778.108186 sending message 105 to peer 0x7fb389c98d00 (26 bytes)
1761177778.108188 sending message 105 to peer 0x7fb389c98d00 (44 bytes)
1761177778.108189 sending message 105 to peer 0x7fb389c98d00 (35 bytes)
1761177778.108190 sending message 105 to peer 0x7fb389c98d00 (41 bytes)
1761177778.108194 sending message 105 to peer 0x7fb389c98d00 (51 bytes)
1761177778.108195 sending message 105 to peer 0x7fb389c98d00 (49 bytes)
1761177778.108196 sending message 105 to peer 0x7fb389c98d00 (20 bytes)
1761177778.108198 sending message 105 to peer 0x7fb389c98d00 (22 bytes)
1761177778.108199 sending message 105 to peer 0x7fb389c98d00 (28 bytes)
1761177778.108201 sending message 105 to peer 0x7fb389c98d00 (31 bytes)
1761177778.108202 sending message 105 to peer 0x7fb389c98d00 (26 bytes)
1761177778.108204 sending message 105 to peer 0x7fb389c98d00 (11 bytes)
1761177778.108205 sending message 105 to peer 0x7fb389c98d00 (25 bytes)
1761177778.108207 sending message 105 to peer 0x7fb389c98d00 (52 bytes)
1761177778.108208 sending message 105 to peer 0x7fb389c98d00 (22 bytes)
1761177778.108209 sending message 105 to peer 0x7fb389c98d00 (54 bytes)
1761177778.108211 sending message 105 to peer 0x7fb389c98d00 (22 bytes)
1761177778.108212 sending message 105 to peer 0x7fb389c98d00 (33 bytes)
1761177778.108214 sending message 105 to peer 0x7fb389c98d00 (21 bytes)
1761177778.108215 sending message 105 to peer 0x7fb389c98d00 (14 bytes)
1761177778.108217 sending message 105 to peer 0x7fb389c98d00 (12 bytes)
1761177778.108218 sending message 105 to peer 0x7fb389c98d00 (18 bytes)
1761177778.108220 sending message 105 to peer 0x7fb389c98d00 (17 bytes)
1761177778.108221 sending message 105 to peer 0x7fb389c98d00 (1917 bytes)
1761177778.108223 sending message 105 to peer 0x7fb389c98d00 (26 bytes)
1761177778.108224 sending message 105 to peer 0x7fb389c98d00 (144 bytes)
1761177778.108226 sending message 105 to peer 0x7fb389c98d00 (17 bytes)
1761177778.108228 sending message 105 to peer 0x7fb389c98d00 (26 bytes)
1761177778.108229 sending message 105 to peer 0x7fb389c98d00 (47 bytes)
1761177778.108230 sending message 105 to peer 0x7fb389c98d00 (16 bytes)
1761177778.108232 sending message 105 to peer 0x7fb389c98d00 (24 bytes)
1761177778.108233 sending message 105 to peer 0x7fb389c98d00 (22 bytes)
1761177778.108235 sending message 105 to peer 0x7fb389c98d00 (23 bytes)
1761177778.108236 sending message 105 to peer 0x7fb389c98d00 (23 bytes)
1761177778.108238 sending message 105 to peer 0x7fb389c98d00 (19 bytes)
1761177778.108239 sending message 105 to peer 0x7fb389c98d00 (8 bytes)
1761177778.108240 sending message 105 to peer 0x7fb389c98d00 (13 bytes)
1761177778.108242 sending message 105 to peer 0x7fb389c98d00 (11 bytes)
1761177778.108243 sending message 105 to peer 0x7fb389c98d00 (8 bytes)
1761177778.108245 sending message 105 to peer 0x7fb389c98d00 (14 bytes)
1761177778.108246 sending message 105 to peer 0x7fb389c98d00 (18 bytes)
1761177778.108248 sending message 105 to peer 0x7fb389c98d00 (31 bytes)
1761177778.108249 sending message 105 to peer 0x7fb389c98d00 (23 bytes)
1761177778.108251 sending message 105 to peer 0x7fb389c98d00 (136 bytes)
1761177778.108252 sending message 105 to peer 0x7fb389c98d00 (123 bytes)
1761177778.108253 sending message 105 to peer 0x7fb389c98d00 (17 bytes)
1761177778.108255 sending message 105 to peer 0x7fb389c98d00 (59 bytes)
1761177778.108256 sending message 105 to peer 0x7fb389c98d00 (54 bytes)
1761177778.108258 sending message 105 to peer 0x7fb389c98d00 (49 bytes)
1761177778.108259 sending message 105 to peer 0x7fb389c98d00 (35 bytes)
1761177778.108261 sending message 105 to peer 0x7fb389c98d00 (83 bytes)
1761177778.108262 sending message 105 to peer 0x7fb389c98d00 (18 bytes)
1761177778.108264 sending message 105 to peer 0x7fb389c98d00 (16 bytes)
1761177778.108265 sending message 106 to peer 0x7fb389c98d00 (0 bytes)
1761177778.108299 sending message 200 to peer 0x7fb389c98d00 (4 bytes)
1761177778.108302 client loop enter
1761177778.108479 peer 0x7fb389c98d00 message 303
1761177778.108483 open write file 2 -
1761177778.108487 sending message 305 to peer 0x7fb389c98d00 (8 bytes)
1761177778.108491 write check file 2
1761177778.108533 peer 0x7fb389c98d00 message 304
1761177778.108535 write 58 to file 2
1761177778.108537 peer 0x7fb389c98d00 message 203
1761177778.108539 file 2 58 bytes left
1761177778.108550 write check file 2
1761177778.108551 client loop exit
